<?xml version="1.0" encoding="UTF-8"?>
<!-- Generated by org.testng.reporters.JUnitReportReporter -->
<testsuite hostname="Rohith" failures="0" tests="5" name="testNG.Annotation4" time="0.008" errors="0" timestamp="2024-05-07T15:28:41 IST" skipped="1">
  <testcase classname="testNG.Annotation4" name="LogInTest" time="0.004"/>
  <system-out/>
  <testcase classname="testNG.Annotation4" name="InBoxTest" time="0.002"/>
  <system-out/>
  <testcase classname="testNG.Annotation4" name="composeMailTest" time="0.002"/>
  <system-out/>
  <testcase classname="testNG.Annotation4" name="sentMailTest" time="0.000"/>
  <system-out/>
  <testcase classname="testNG.Annotation4" name="DraftsMailTest">
    <skipped/>
  </testcase> <!-- DraftsMailTest -->
  <system-out/>
</testsuite> <!-- testNG.Annotation4 -->
